<?xml version="1.0" encoding="UTF-8"?>
<!-- Generated by org.testng.reporters.JUnitReportReporter -->
<testsuite hostname="LAPTOP-TK3OIHCP" failures="0" tests="1" name="NewTest" time="0.008" errors="0" timestamp="2022-03-14T17:25:06 IST" skipped="0">
  <testcase classname="NewTest" name="f" time="0.008"/>
  <system-out/>
</testsuite> <!-- NewTest -->
