<?xml version="1.0" encoding="UTF-8"?>
<!-- Generated by org.testng.reporters.JUnitReportReporter -->
<testsuite hostname="LAPTOP-TK3OIHCP" failures="0" tests="1" name="com.Testng.phase5.Registration_Form_Automation.RegistrationForm" time="56.380" errors="0" timestamp="2022-03-14T17:48:59 IST" skipped="0">
  <testcase classname="com.Testng.phase5.Registration_Form_Automation.RegistrationForm" name="invokeBrowser" time="56.380"/>
  <system-out/>
</testsuite> <!-- com.Testng.phase5.Registration_Form_Automation.RegistrationForm -->
